Violation of recommended ratio for neighboring section lengths found (recommended ratio is between 0.5 and 2.0). Reported in NETWORKCOMPONENT 'Annulus_1'.
Ratio 0.049 between PIPE=PIPE_3, SECTION=2 and PIPE=PIPE_2, SECTION=1.
Ratio 25 between PIPE=PIPE_2, SECTION=20 and PIPE=PIPE_1B, SECTION=1.
Ratio 0.2 between PIPE=PIPE_1B, SECTION=10 and PIPE=PIPE_1A, SECTION=1.
Violation of recommended ratio for neighboring section lengths found (recommended ratio is between 0.5 and 2.0). Reported in NETWORKCOMPONENT 'Tubing_1'.
Ratio 2.1 between PIPE=PIPE_3, SECTION=18 and PIPE=PIPE_2, SECTION=1.
Ratio 4.9 between PIPE=PIPE_2, SECTION=3 and PIPE=PIPE_1, SECTION=1.
Violation of recommended ratio for neighboring section lengths found (recommended ratio is between 0.5 and 2.0). Reported in NETWORKCOMPONENT 'Pipeline'.
Ratio 3 between PIPE=PIPE-4, SECTION=10 and PIPE=PIPE-5, SECTION=1.
Violation of recommended ratio for neighboring section lengths found (recommended ratio is between 0.5 and 2.0). Reported in NETWORKCOMPONENT 'Annulus_2'.
Ratio 0.049 between PIPE=PIPE_3, SECTION=2 and PIPE=PIPE_2, SECTION=1.
Ratio 25 between PIPE=PIPE_2, SECTION=20 and PIPE=PIPE_1B, SECTION=1.
Ratio 0.2 between PIPE=PIPE_1B, SECTION=10 and PIPE=PIPE_1A, SECTION=1.
Violation of recommended ratio for neighboring section lengths found (recommended ratio is between 0.5 and 2.0). Reported in NETWORKCOMPONENT 'Tubing_2'.
Ratio 2.1 between PIPE=PIPE_3, SECTION=18 and PIPE=PIPE_2, SECTION=1.
Ratio 4.9 between PIPE=PIPE_2, SECTION=3 and PIPE=PIPE_1, SECTION=1.



     **************************************************************
     *                                                            *
     *                                                            *
     *    XXXXXXX     XXX               XXXXXXX        XXXXXXX    *
     *   XX     XX    XXX              XX     XX      XX     XX   *
     * XXX       XXX  XXX            XXX       XXX  XXX       XXX *
     * XXX       XXX  XXX            XXX            XXX       XXX *
     * XXX       XXX  XXX            XXX   XXXXXXX  XXXXXXXXXXXXX *
     * XXX       XXX  XXX            XXX       XXX  XXX       XXX *
     * XXX       XXX  XXX            XXX       XXX  XXX       XXX *
     *   XX     XX    XXX              XX     XX    XXX       XXX *
     *    XXXXXXX     XXXXXXXXXXXXX     XXXXXXX     XXX       XXX *
     *                                                            *
     *                                                            *
     **************************************************************



     A  T R A N S I E N T,  O N E  D I M E N S I O N A L  M O D E L

     F O R  T H R E E - P H A S E  F L O W  I N  P I P E L I N E S



     DELIVERED BY    :   Schlumberger

     VERSION         :   OLGA 2014.1.0.122363

     SUPPORT         :   OlgaSupport@slb.com

     DATE            :   20-01-02

     PROJECT         :   Petronics
     TITLE           :   Gas Lift Well
     AUTHOR          :   Gisle Otto Eikrem
     CASE NAME       :   C:\Git\PlantwideControl\olgaModels\NetworkOPC\Network_Nominal
     INPUT FILE      :   Network_Nominal.genkey
     PVT FILE        :   gisle.tab

     FLOWMODEL       :   OLGA

     CPU CORES USED  :   6
     CORES AVAILABLE :   12
     PHYSICAL CPUs   :   6

VOLUME OF INTERNAL NODE WITH LABEL 'Injection_2': 0.2 m3

VOLUME OF INTERNAL NODE WITH LABEL 'Injection_1': 0.2 m3

VOLUME OF INTERNAL NODE WITH LABEL 'Separator': 37.6991 m3


Internal node with label 'Manifold' is assigned default volume (0.219656 m3)

*****************************************************
      Results at Simulation Time: 0s
*****************************************************



Time step information:

--*++*-- Time: 0.000e+000s. Step no: 0/12960000. Current step-size: 1.000e-002s --*++*--


---------------------------
Variables for FlowPath: WELLFLOW_1
---------------------------




Variables in control volumes:


Variables at control volume boundaries:



Wall information from each control volume:


Mass error information:





---------------------------
Variables for FlowPath: ANNULUS_1
---------------------------




Variables in control volumes:


Variables at control volume boundaries:



Wall information from each control volume:


Mass error information:





---------------------------
Variables for FlowPath: TUBING_1
---------------------------




Variables in control volumes:


Variables at control volume boundaries:



Wall information from each control volume:


Mass error information:





---------------------------
Variables for FlowPath: PIPELINE
---------------------------




Variables in control volumes:


Variables at control volume boundaries:



Wall information from each control volume:


Mass error information:





---------------------------
Variables for FlowPath: OIL-LINE
---------------------------




Variables in control volumes:


Variables at control volume boundaries:



Wall information from each control volume:


Mass error information:





---------------------------
Variables for FlowPath: GAS-LINE
---------------------------




Variables in control volumes:


Variables at control volume boundaries:



Wall information from each control volume:


Mass error information:





---------------------------
Variables for FlowPath: ANNULUS_2
---------------------------




Variables in control volumes:


Variables at control volume boundaries:



Wall information from each control volume:


Mass error information:





---------------------------
Variables for FlowPath: WELLFLOW_2
---------------------------




Variables in control volumes:


Variables at control volume boundaries:



Wall information from each control volume:


Mass error information:





---------------------------
Variables for FlowPath: TUBING_2
---------------------------




Variables in control volumes:


Variables at control volume boundaries:



Wall information from each control volume:


Mass error information:





     MASS SOURCE INFORMATION:
     ************************
     SOURCE    BRANCH    PIPE      SECT  GAS       OIL       WATER     ENTHALPY  TEMP
     LABEL     LABEL     LABEL     NO    SOURCE    SOURCE    SOURCE    SOURCE    SOURCE
                                         (KG/S)    (KG/S)    (KG/S)    (W)       (C)
     --------- --------- --------- ----- --------- --------- --------- --------- ---------
     Gas_Source_1 Annulus_1 PIPE_3    1     1.00      0.00      0.00      1.791e+004 60.00     
     Gas_Source_2 Annulus_2 PIPE_3    1     1.00      0.00      0.00      1.791e+004 60.00     


     WELL PRODUCTION INFORMATION:
     ****************************
     WELL      BRANCH    PIPE      SECT  GAS       OIL       WATER     ENTHALPY  RESERVOIR
     LABEL     LABEL     LABEL     NO    SOURCE    SOURCE    SOURCE    SOURCE    TEMP
                                         (KG/S)    (KG/S)    (KG/S)    (W)       (C)
     --------- --------- --------- ----- --------- --------- --------- --------- ---------
     IPR_1     WellFlow_1 PIPE_1    1     0.00      14.37     0.00      -2.326e+006 108.00    
     IPR_2     WellFlow_2 PIPE_1    1     0.00      15.62     0.00      -2.521e+006 108.00    


     CHOKE INFORMATION:
     ******************


     VALVE: Gaslift_Valve_1, BRANCH: Annulus_1, PIPE: PIPE_1B, SECTION: 10
     ===================================================================

     CRITICAL FLOWMODEL: FROZEN       

     CHOKE AREA IS CONSTANT

     CHOKE AREA    = 4.909e-004   (M2)
     CHOKE OPENING = 1.00         

     FLOW CONDITION: SUBCRITICAL

     PRESSURE DROP     = 5.298e+004   (PA)
     CHOKE MASS FLOW   = 1.00         (KG/S)
     CHOKE PRESSURE    = 9.642e+006   (PA)
     CHOKE TEMPERATURE = 105.73       (C)
     CHOKE VELOCITY    = 44.55        (M/S)

     VALVE: Prod_Choke_1, BRANCH: Tubing_1, PIPE: PIPE_1, SECTION: 4
     ===================================================================

     CRITICAL FLOWMODEL: FROZEN       

     CHOKE AREA IS CONSTANT

     CHOKE AREA    = 1.924e-003   (M2)
     CHOKE OPENING = 0.50         

     FLOW CONDITION: SUBCRITICAL

     PRESSURE DROP     = 2.456e+005   (PA)
     CHOKE MASS FLOW   = 15.37        (KG/S)
     CHOKE PRESSURE    = 2.229e+006   (PA)
     CHOKE TEMPERATURE = 86.94        (C)
     CHOKE VELOCITY    = 61.68        (M/S)

     VALVE: Valve, BRANCH: Pipeline, PIPE: PIPE-5, SECTION: 11
     ===================================================================

     CRITICAL FLOWMODEL: FROZEN       

     CHOKE AREA IS CONSTANT

     CHOKE AREA    = 1.241e-002   (M2)
     CHOKE OPENING = 0.50         

     FLOW CONDITION: SUBCRITICAL

     PRESSURE DROP     = 9.409e+004   (PA)
     CHOKE MASS FLOW   = 31.99        (KG/S)
     CHOKE PRESSURE    = 4.335e+005   (PA)
     CHOKE TEMPERATURE = 50.85        (C)
     CHOKE VELOCITY    = 88.07        (M/S)

     VALVE: VALVE-6, BRANCH: Oil-Line, PIPE: PIPE-1, SECTION: 2
     ===================================================================

     CRITICAL FLOWMODEL: FROZEN       

     CHOKE AREA IS CONSTANT

     CHOKE AREA    = 9.121e-003   (M2)
     CHOKE OPENING = 0.50         

     FLOW CONDITION: SUBCRITICAL

     PRESSURE DROP     = 1.188e+004   (PA)
     CHOKE MASS FLOW   = 9.82         (KG/S)
     CHOKE PRESSURE    = 4.454e+005   (PA)
     CHOKE TEMPERATURE = 66.98        (C)
     CHOKE VELOCITY    = 37.53        (M/S)

     VALVE: VALVE-7, BRANCH: Gas-Line, PIPE: PIPE-1, SECTION: 2
     ===================================================================

     CRITICAL FLOWMODEL: FROZEN       

     CHOKE AREA IS CONSTANT

     CHOKE AREA    = 1.291e-002   (M2)
     CHOKE OPENING = 0.52         

     FLOW CONDITION: SUBCRITICAL

     PRESSURE DROP     = 3.671e+004   (PA)
     CHOKE MASS FLOW   = 22.17        (KG/S)
     CHOKE PRESSURE    = 3.851e+005   (PA)
     CHOKE TEMPERATURE = 57.67        (C)
     CHOKE VELOCITY    = 67.04        (M/S)

     VALVE: Gaslift_Valve_2, BRANCH: Annulus_2, PIPE: PIPE_1B, SECTION: 10
     ===================================================================

     CRITICAL FLOWMODEL: FROZEN       

     CHOKE AREA IS CONSTANT

     CHOKE AREA    = 4.909e-004   (M2)
     CHOKE OPENING = 1.00         

     FLOW CONDITION: SUBCRITICAL

     PRESSURE DROP     = 5.037e+004   (PA)
     CHOKE MASS FLOW   = 1.00         (KG/S)
     CHOKE PRESSURE    = 1.014e+007   (PA)
     CHOKE TEMPERATURE = 105.86       (C)
     CHOKE VELOCITY    = 42.36        (M/S)

     VALVE: Prod_Choke_2, BRANCH: Tubing_2, PIPE: PIPE_1, SECTION: 4
     ===================================================================

     CRITICAL FLOWMODEL: FROZEN       

     CHOKE AREA IS CONSTANT

     CHOKE AREA    = 1.924e-003   (M2)
     CHOKE OPENING = 0.50         

     FLOW CONDITION: SUBCRITICAL

     PRESSURE DROP     = 2.715e+005   (PA)
     CHOKE MASS FLOW   = 16.62        (KG/S)
     CHOKE PRESSURE    = 2.223e+006   (PA)
     CHOKE TEMPERATURE = 86.66        (C)
     CHOKE VELOCITY    = 62.79        (M/S)

*****************************************************
      Results at Simulation Time: 3.60e+003s
*****************************************************



Time step information:

--*++*-- Time: 3.600e+003s. Step no: 11651/800038. Current step-size: 3.096e-001s --*++*--


---------------------------
Variables for FlowPath: WELLFLOW_1
---------------------------




Variables in control volumes:


Variables at control volume boundaries:



Wall information from each control volume:


Mass error information:





---------------------------
Variables for FlowPath: ANNULUS_1
---------------------------




Variables in control volumes:


Variables at control volume boundaries:



Wall information from each control volume:


Mass error information:





---------------------------
Variables for FlowPath: TUBING_1
---------------------------




Variables in control volumes:


Variables at control volume boundaries:



Wall information from each control volume:


Mass error information:





---------------------------
Variables for FlowPath: PIPELINE
---------------------------




Variables in control volumes:


Variables at control volume boundaries:



Wall information from each control volume:


Mass error information:





---------------------------
Variables for FlowPath: OIL-LINE
---------------------------




Variables in control volumes:


Variables at control volume boundaries:



Wall information from each control volume:


Mass error information:





---------------------------
Variables for FlowPath: GAS-LINE
---------------------------




Variables in control volumes:


Variables at control volume boundaries:



Wall information from each control volume:


Mass error information:





---------------------------
Variables for FlowPath: ANNULUS_2
---------------------------




Variables in control volumes:


Variables at control volume boundaries:



Wall information from each control volume:


Mass error information:





---------------------------
Variables for FlowPath: WELLFLOW_2
---------------------------




Variables in control volumes:


Variables at control volume boundaries:



Wall information from each control volume:


Mass error information:





---------------------------
Variables for FlowPath: TUBING_2
---------------------------




Variables in control volumes:


Variables at control volume boundaries:



Wall information from each control volume:


Mass error information:





     MASS SOURCE INFORMATION:
     ************************
     SOURCE    BRANCH    PIPE      SECT  GAS       OIL       WATER     ENTHALPY  TEMP
     LABEL     LABEL     LABEL     NO    SOURCE    SOURCE    SOURCE    SOURCE    SOURCE
                                         (KG/S)    (KG/S)    (KG/S)    (W)       (C)
     --------- --------- --------- ----- --------- --------- --------- --------- ---------
     Gas_Source_1 Annulus_1 PIPE_3    1     1.00      0.00      0.00      1.791e+004 60.00     
     Gas_Source_2 Annulus_2 PIPE_3    1     1.00      0.00      0.00      1.791e+004 60.00     


     WELL PRODUCTION INFORMATION:
     ****************************
     WELL      BRANCH    PIPE      SECT  GAS       OIL       WATER     ENTHALPY  RESERVOIR
     LABEL     LABEL     LABEL     NO    SOURCE    SOURCE    SOURCE    SOURCE    TEMP
                                         (KG/S)    (KG/S)    (KG/S)    (W)       (C)
     --------- --------- --------- ----- --------- --------- --------- --------- ---------
     IPR_1     WellFlow_1 PIPE_1    1     0.00      14.37     0.00      -2.325e+006 108.00    
     IPR_2     WellFlow_2 PIPE_1    1     0.00      15.61     0.00      -2.521e+006 108.00    


     CHOKE INFORMATION:
     ******************


     VALVE: Gaslift_Valve_1, BRANCH: Annulus_1, PIPE: PIPE_1B, SECTION: 10
     ===================================================================

     CRITICAL FLOWMODEL: FROZEN       

     CHOKE AREA IS CONSTANT

     CHOKE AREA    = 4.909e-004   (M2)
     CHOKE OPENING = 1.00         

     FLOW CONDITION: SUBCRITICAL

     PRESSURE DROP     = 5.273e+004   (PA)
     CHOKE MASS FLOW   = 1.00         (KG/S)
     CHOKE PRESSURE    = 9.644e+006   (PA)
     CHOKE TEMPERATURE = 105.73       (C)
     CHOKE VELOCITY    = 44.53        (M/S)

     VALVE: Prod_Choke_1, BRANCH: Tubing_1, PIPE: PIPE_1, SECTION: 4
     ===================================================================

     CRITICAL FLOWMODEL: FROZEN       

     CHOKE AREA IS CONSTANT

     CHOKE AREA    = 1.869e-003   (M2)
     CHOKE OPENING = 0.49         

     FLOW CONDITION: SUBCRITICAL

     PRESSURE DROP     = 2.502e+005   (PA)
     CHOKE MASS FLOW   = 15.37        (KG/S)
     CHOKE PRESSURE    = 2.232e+006   (PA)
     CHOKE TEMPERATURE = 86.83        (C)
     CHOKE VELOCITY    = 63.38        (M/S)

     VALVE: Valve, BRANCH: Pipeline, PIPE: PIPE-5, SECTION: 11
     ===================================================================

     CRITICAL FLOWMODEL: FROZEN       

     CHOKE AREA IS CONSTANT

     CHOKE AREA    = 1.249e-002   (M2)
     CHOKE OPENING = 0.50         

     FLOW CONDITION: SUBCRITICAL

     PRESSURE DROP     = 7.574e+004   (PA)
     CHOKE MASS FLOW   = 31.98        (KG/S)
     CHOKE PRESSURE    = 4.599e+005   (PA)
     CHOKE TEMPERATURE = 54.57        (C)
     CHOKE VELOCITY    = 83.62        (M/S)

     VALVE: VALVE-6, BRANCH: Oil-Line, PIPE: PIPE-1, SECTION: 2
     ===================================================================

     CRITICAL FLOWMODEL: FROZEN       

     CHOKE AREA IS CONSTANT

     CHOKE AREA    = 3.689e-003   (M2)
     CHOKE OPENING = 0.20         

     FLOW CONDITION: SUBCRITICAL

     PRESSURE DROP     = 4.253e+004   (PA)
     CHOKE MASS FLOW   = 29.51        (KG/S)
     CHOKE PRESSURE    = 4.386e+005   (PA)
     CHOKE TEMPERATURE = 61.86        (C)
     CHOKE VELOCITY    = 12.86        (M/S)

     VALVE: VALVE-7, BRANCH: Gas-Line, PIPE: PIPE-1, SECTION: 2
     ===================================================================

     CRITICAL FLOWMODEL: FROZEN       

     CHOKE AREA IS CONSTANT

     CHOKE AREA    = 4.093e-003   (M2)
     CHOKE OPENING = 0.16         

     FLOW CONDITION: SUBCRITICAL

     PRESSURE DROP     = 9.031e+004   (PA)
     CHOKE MASS FLOW   = 2.47         (KG/S)
     CHOKE PRESSURE    = 3.824e+005   (PA)
     CHOKE TEMPERATURE = 50.90        (C)
     CHOKE VELOCITY    = 291.14       (M/S)

     VALVE: Gaslift_Valve_2, BRANCH: Annulus_2, PIPE: PIPE_1B, SECTION: 10
     ===========================================================